<?xml version="1.0" encoding="UTF-8"?>
<testsuite name="com.crudapp.crudapp.CrudappApplicationTests" tests="1" skipped="0" failures="0" errors="0" timestamp="2020-05-03T14:35:12" hostname="NIKITA" time="0.264">
  <properties/>
  <testcase name="contextLoads()" classname="com.crudapp.crudapp.CrudappApplicationTests" time="0.264"/>
  <system-out><![CDATA[09:35:01.013 [Test worker] DEBUG org.springframework.test.context.BootstrapUtils - Instantiating CacheAwareContextLoaderDelegate from class [org.springframework.test.context.cache.DefaultCacheAwareContextLoaderDelegate]
09:35:01.034 [Test worker] DEBUG org.springframework.test.context.BootstrapUtils - Instantiating BootstrapContext using constructor [public org.springframework.test.context.support.DefaultBootstrapContext(java.lang.Class,org.springframework.test.context.CacheAwareContextLoaderDelegate)]
09:35:01.079 [Test worker] DEBUG org.springframework.test.context.BootstrapUtils - Instantiating TestContextBootstrapper for test class [com.crudapp.crudapp.CrudappApplicationTests] from class [org.springframework.boot.test.context.SpringBootTestContextBootstrapper]
09:35:01.108 [Test worker] INFO org.springframework.boot.test.context.SpringBootTestContextBootstrapper - Neither @ContextConfiguration nor @ContextHierarchy found for test class [com.crudapp.crudapp.CrudappApplicationTests], using SpringBootContextLoader
09:35:01.115 [Test worker] DEBUG org.springframework.test.context.support.AbstractContextLoader - Did not detect default resource location for test class [com.crudapp.crudapp.CrudappApplicationTests]: class path resource [com/crudapp/crudapp/CrudappApplicationTests-context.xml] does not exist
09:35:01.117 [Test worker] DEBUG org.springframework.test.context.support.AbstractContextLoader - Did not detect default resource location for test class [com.crudapp.crudapp.CrudappApplicationTests]: class path resource [com/crudapp/crudapp/CrudappApplicationTestsContext.groovy] does not exist
09:35:01.117 [Test worker] INFO org.springframework.test.context.support.AbstractContextLoader - Could not detect default resource locations for test class [com.crudapp.crudapp.CrudappApplicationTests]: no resource found for suffixes {-context.xml, Context.groovy}.
09:35:01.118 [Test worker] INFO org.springframework.test.context.support.AnnotationConfigContextLoaderUtils - Could not detect default configuration classes for test class [com.crudapp.crudapp.CrudappApplicationTests]: CrudappApplicationTests does not declare any static, non-private, non-final, nested classes annotated with @Configuration.
09:35:01.194 [Test worker] DEBUG org.springframework.test.context.support.ActiveProfilesUtils - Could not find an 'annotation declaring class' for annotation type [org.springframework.test.context.ActiveProfiles] and class [com.crudapp.crudapp.CrudappApplicationTests]
09:35:01.324 [Test worker] DEBUG org.springframework.context.annotation.ClassPathScanningCandidateComponentProvider - Identified candidate component class: file [C:\Users\nikit\Desktop\BasicCrudApp\build\classes\java\main\com\crudapp\crudapp\CrudappApplication.class]
09:35:01.330 [Test worker] INFO org.springframework.boot.test.context.SpringBootTestContextBootstrapper - Found @SpringBootConfiguration com.crudapp.crudapp.CrudappApplication for test class com.crudapp.crudapp.CrudappApplicationTests
09:35:01.519 [Test worker] DEBUG org.springframework.boot.test.context.SpringBootTestContextBootstrapper - @TestExecutionListeners is not present for class [com.crudapp.crudapp.CrudappApplicationTests]: using defaults.
09:35:01.521 [Test worker] INFO org.springframework.boot.test.context.SpringBootTestContextBootstrapper - Loaded default TestExecutionListener class names from location [META-INF/spring.factories]: [org.springframework.boot.test.autoconfigure.restdocs.RestDocsTestExecutionListener, org.springframework.boot.test.autoconfigure.web.client.MockRestServiceServerResetTestExecutionListener, org.springframework.boot.test.autoconfigure.web.servlet.MockMvcPrintOnlyOnFailureTestExecutionListener, org.springframework.boot.test.autoconfigure.web.servlet.WebDriverTestExecutionListener, org.springframework.boot.test.mock.mockito.MockitoTestExecutionListener, org.springframework.boot.test.mock.mockito.ResetMocksTestExecutionListener, org.springframework.test.context.web.ServletTestExecutionListener, org.springframework.test.context.support.DirtiesContextBeforeModesTestExecutionListener, org.springframework.test.context.support.DependencyInjectionTestExecutionListener, org.springframework.test.context.support.DirtiesContextTestExecutionListener, org.springframework.test.context.transaction.TransactionalTestExecutionListener, org.springframework.test.context.jdbc.SqlScriptsTestExecutionListener, org.springframework.test.context.event.EventPublishingTestExecutionListener]
09:35:01.550 [Test worker] INFO org.springframework.boot.test.context.SpringBootTestContextBootstrapper - Using TestExecutionListeners: [org.springframework.test.context.web.ServletTestExecutionListener@3fd16fcf, org.springframework.test.context.support.DirtiesContextBeforeModesTestExecutionListener@7eadb848, org.springframework.boot.test.mock.mockito.MockitoTestExecutionListener@1e2b3c59, org.springframework.boot.test.autoconfigure.SpringBootDependencyInjectionTestExecutionListener@1ec2df2f, org.springframework.test.context.support.DirtiesContextTestExecutionListener@2ad9742f, org.springframework.test.context.transaction.TransactionalTestExecutionListener@39a5e6c4, org.springframework.test.context.jdbc.SqlScriptsTestExecutionListener@7e2bdc5d, org.springframework.test.context.event.EventPublishingTestExecutionListener@76984f10, org.springframework.boot.test.autoconfigure.restdocs.RestDocsTestExecutionListener@170125e0, org.springframework.boot.test.autoconfigure.web.client.MockRestServiceServerResetTestExecutionListener@1847202, org.springframework.boot.test.autoconfigure.web.servlet.MockMvcPrintOnlyOnFailureTestExecutionListener@216d8f5b, org.springframework.boot.test.autoconfigure.web.servlet.WebDriverTestExecutionListener@15b9a4a9, org.springframework.boot.test.mock.mockito.ResetMocksTestExecutionListener@b89addb]
09:35:01.556 [Test worker] DEBUG org.springframework.test.context.support.AbstractDirtiesContextTestExecutionListener - Before test class: context [DefaultTestContext@15b2b7e4 testClass = CrudappApplicationTests, testInstance = [null], testMethod = [null], testException = [null], mergedContextConfiguration = [WebMergedContextConfiguration@3c8b0bdc testClass = CrudappApplicationTests, locations = '{}', classes = '{class com.crudapp.crudapp.CrudappApplication}', contextInitializerClasses = '[]', activeProfiles = '{}', propertySourceLocations = '{}', propertySourceProperties = '{org.springframework.boot.test.context.SpringBootTestContextBootstrapper=true}', contextCustomizers = set[org.springframework.boot.test.autoconfigure.properties.PropertyMappingContextCustomizer@0, org.springframework.boot.test.autoconfigure.web.servlet.WebDriverContextCustomizerFactory$Customizer@1c21b41d, org.springframework.boot.test.context.filter.ExcludeFilterContextCustomizer@c317cf9, org.springframework.boot.test.json.DuplicateJsonObjectContextCustomizerFactory$DuplicateJsonObjectContextCustomizer@344dc106, org.springframework.boot.test.mock.mockito.MockitoContextCustomizer@0, org.springframework.boot.test.web.client.TestRestTemplateContextCustomizer@395d2987], resourceBasePath = 'src/main/webapp', contextLoader = 'org.springframework.boot.test.context.SpringBootContextLoader', parent = [null]], attributes = map['org.springframework.test.context.web.ServletTestExecutionListener.activateListener' -> true]], class annotated with @DirtiesContext [false] with mode [null].
09:35:01.600 [Test worker] DEBUG org.springframework.test.context.support.TestPropertySourceUtils - Adding inlined properties to environment: {spring.jmx.enabled=false, org.springframework.boot.test.context.SpringBootTestContextBootstrapper=true, server.port=-1}

  .   ____          _            __ _ _
 /\\ / ___'_ __ _ _(_)_ __  __ _ \ \ \ \
( ( )\___ | '_ | '_| | '_ \/ _` | \ \ \ \
 \\/  ___)| |_)| | | | | || (_| |  ) ) ) )
  '  |____| .__|_| |_|_| |_\__, | / / / /
 =========|_|==============|___/=/_/_/_/
 :: Spring Boot ::        (v2.2.6.RELEASE)

2020-05-03 09:35:02.077  INFO 19580 --- [    Test worker] c.c.crudapp.CrudappApplicationTests      : Starting CrudappApplicationTests on Nikita with PID 19580 (started by nikit in C:\Users\nikit\Desktop\BasicCrudApp)
2020-05-03 09:35:02.079  INFO 19580 --- [    Test worker] c.c.crudapp.CrudappApplicationTests      : No active profile set, falling back to default profiles: default
2020-05-03 09:35:03.190  INFO 19580 --- [    Test worker] .s.d.r.c.RepositoryConfigurationDelegate : Bootstrapping Spring Data JPA repositories in DEFAULT mode.
2020-05-03 09:35:03.467  INFO 19580 --- [    Test worker] .s.d.r.c.RepositoryConfigurationDelegate : Finished Spring Data repository scanning in 264ms. Found 1 JPA repository interfaces.
2020-05-03 09:35:04.535  INFO 19580 --- [    Test worker] faultConfiguringBeanFactoryPostProcessor : No bean named 'errorChannel' has been explicitly defined. Therefore, a default PublishSubscribeChannel will be created.
2020-05-03 09:35:04.545  INFO 19580 --- [    Test worker] faultConfiguringBeanFactoryPostProcessor : No bean named 'taskScheduler' has been explicitly defined. Therefore, a default ThreadPoolTaskScheduler will be created.
2020-05-03 09:35:04.556  INFO 19580 --- [    Test worker] faultConfiguringBeanFactoryPostProcessor : No bean named 'integrationHeaderChannelRegistry' has been explicitly defined. Therefore, a default DefaultHeaderChannelRegistry will be created.
2020-05-03 09:35:04.914  INFO 19580 --- [    Test worker] trationDelegate$BeanPostProcessorChecker : Bean 'org.springframework.integration.config.IntegrationManagementConfiguration' of type [org.springframework.integration.config.IntegrationManagementConfiguration] is not eligible for getting processed by all BeanPostProcessors (for example: not eligible for auto-proxying)
2020-05-03 09:35:04.989  INFO 19580 --- [    Test worker] trationDelegate$BeanPostProcessorChecker : Bean 'integrationChannelResolver' of type [org.springframework.integration.support.channel.BeanFactoryChannelResolver] is not eligible for getting processed by all BeanPostProcessors (for example: not eligible for auto-proxying)
2020-05-03 09:35:05.003  INFO 19580 --- [    Test worker] trationDelegate$BeanPostProcessorChecker : Bean 'integrationDisposableAutoCreatedBeans' of type [org.springframework.integration.config.annotation.Disposables] is not eligible for getting processed by all BeanPostProcessors (for example: not eligible for auto-proxying)
2020-05-03 09:35:05.432  INFO 19580 --- [    Test worker] o.hibernate.jpa.internal.util.LogHelper  : HHH000204: Processing PersistenceUnitInfo [name: default]
2020-05-03 09:35:05.583  INFO 19580 --- [    Test worker] org.hibernate.Version                    : HHH000412: Hibernate ORM core version 5.4.14.Final
2020-05-03 09:35:05.829  INFO 19580 --- [    Test worker] o.hibernate.annotations.common.Version   : HCANN000001: Hibernate Commons Annotations {5.1.0.Final}
2020-05-03 09:35:06.066  INFO 19580 --- [    Test worker] com.zaxxer.hikari.HikariDataSource       : accounts - Starting...
2020-05-03 09:35:06.648  INFO 19580 --- [    Test worker] com.zaxxer.hikari.HikariDataSource       : accounts - Start completed.
2020-05-03 09:35:06.679  INFO 19580 --- [    Test worker] org.hibernate.dialect.Dialect            : HHH000400: Using dialect: org.hibernate.dialect.MySQL8Dialect
2020-05-03 09:35:07.927  INFO 19580 --- [    Test worker] o.h.e.t.j.p.i.JtaPlatformInitiator       : HHH000490: Using JtaPlatform implementation: [org.hibernate.engine.transaction.jta.platform.internal.NoJtaPlatform]
2020-05-03 09:35:07.945  INFO 19580 --- [    Test worker] j.LocalContainerEntityManagerFactoryBean : Initialized JPA EntityManagerFactory for persistence unit 'default'
2020-05-03 09:35:09.346  WARN 19580 --- [    Test worker] JpaBaseConfiguration$JpaWebConfiguration : spring.jpa.open-in-view is enabled by default. Therefore, database queries may be performed during view rendering. Explicitly configure spring.jpa.open-in-view to disable this warning
2020-05-03 09:35:09.810  INFO 19580 --- [    Test worker] o.s.s.concurrent.ThreadPoolTaskExecutor  : Initializing ExecutorService 'applicationTaskExecutor'
2020-05-03 09:35:11.251  INFO 19580 --- [    Test worker] .s.s.UserDetailsServiceAutoConfiguration : 

Using generated security password: ec5e3247-34e8-40bf-81e7-2eebc71dec5e

2020-05-03 09:35:11.577  INFO 19580 --- [    Test worker] o.s.s.web.DefaultSecurityFilterChain     : Creating filter chain: any request, [org.springframework.security.web.context.request.async.WebAsyncManagerIntegrationFilter@573b22a6, org.springframework.security.web.context.SecurityContextPersistenceFilter@5ec0d35a, org.springframework.security.web.header.HeaderWriterFilter@1f620672, org.springframework.security.web.csrf.CsrfFilter@78bcca2a, org.springframework.security.web.authentication.logout.LogoutFilter@1b77e056, org.springframework.security.web.authentication.UsernamePasswordAuthenticationFilter@25fb4a2f, org.springframework.security.web.authentication.ui.DefaultLoginPageGeneratingFilter@54818e9d, org.springframework.security.web.authentication.ui.DefaultLogoutPageGeneratingFilter@e077f02, org.springframework.security.web.authentication.www.BasicAuthenticationFilter@502678e6, org.springframework.security.web.savedrequest.RequestCacheAwareFilter@2179b797, org.springframework.security.web.servletapi.SecurityContextHolderAwareRequestFilter@1d88090b, org.springframework.security.web.authentication.AnonymousAuthenticationFilter@21ca5ec9, org.springframework.security.web.session.SessionManagementFilter@a6d6e4a, org.springframework.security.web.access.ExceptionTranslationFilter@5e759bc4, org.springframework.security.web.access.intercept.FilterSecurityInterceptor@8a496c5]
2020-05-03 09:35:11.970  INFO 19580 --- [    Test worker] o.s.s.c.ThreadPoolTaskScheduler          : Initializing ExecutorService 'taskScheduler'
2020-05-03 09:35:12.198  INFO 19580 --- [    Test worker] o.s.i.endpoint.EventDrivenConsumer       : Adding {logging-channel-adapter:_org.springframework.integration.errorLogger} as a subscriber to the 'errorChannel' channel
2020-05-03 09:35:12.199  INFO 19580 --- [    Test worker] o.s.i.channel.PublishSubscribeChannel    : Channel 'application.errorChannel' has 1 subscriber(s).
2020-05-03 09:35:12.200  INFO 19580 --- [    Test worker] o.s.i.endpoint.EventDrivenConsumer       : started bean '_org.springframework.integration.errorLogger'
2020-05-03 09:35:12.217  INFO 19580 --- [    Test worker] c.c.crudapp.CrudappApplicationTests      : Started CrudappApplicationTests in 10.604 seconds (JVM running for 13.611)
]]></system-out>
  <system-err><![CDATA[]]></system-err>
</testsuite>
