<?xml version="1.0" encoding="UTF-8"?>
<testsuite name="com.crudapp.crudapp.CrudappApplicationTests" tests="1" skipped="0" failures="0" errors="0" timestamp="2020-05-01T00:26:43" hostname="Nikitas-MacBook-Pro.local" time="0.329">
  <properties/>
  <testcase name="contextLoads()" classname="com.crudapp.crudapp.CrudappApplicationTests" time="0.329"/>
  <system-out><![CDATA[19:26:41.050 [Test worker] DEBUG org.springframework.test.context.BootstrapUtils - Instantiating CacheAwareContextLoaderDelegate from class [org.springframework.test.context.cache.DefaultCacheAwareContextLoaderDelegate]
19:26:41.063 [Test worker] DEBUG org.springframework.test.context.BootstrapUtils - Instantiating BootstrapContext using constructor [public org.springframework.test.context.support.DefaultBootstrapContext(java.lang.Class,org.springframework.test.context.CacheAwareContextLoaderDelegate)]
19:26:41.098 [Test worker] DEBUG org.springframework.test.context.BootstrapUtils - Instantiating TestContextBootstrapper for test class [com.crudapp.crudapp.CrudappApplicationTests] from class [org.springframework.boot.test.context.SpringBootTestContextBootstrapper]
19:26:41.120 [Test worker] INFO org.springframework.boot.test.context.SpringBootTestContextBootstrapper - Neither @ContextConfiguration nor @ContextHierarchy found for test class [com.crudapp.crudapp.CrudappApplicationTests], using SpringBootContextLoader
19:26:41.126 [Test worker] DEBUG org.springframework.test.context.support.AbstractContextLoader - Did not detect default resource location for test class [com.crudapp.crudapp.CrudappApplicationTests]: class path resource [com/crudapp/crudapp/CrudappApplicationTests-context.xml] does not exist
19:26:41.126 [Test worker] DEBUG org.springframework.test.context.support.AbstractContextLoader - Did not detect default resource location for test class [com.crudapp.crudapp.CrudappApplicationTests]: class path resource [com/crudapp/crudapp/CrudappApplicationTestsContext.groovy] does not exist
19:26:41.127 [Test worker] INFO org.springframework.test.context.support.AbstractContextLoader - Could not detect default resource locations for test class [com.crudapp.crudapp.CrudappApplicationTests]: no resource found for suffixes {-context.xml, Context.groovy}.
19:26:41.129 [Test worker] INFO org.springframework.test.context.support.AnnotationConfigContextLoaderUtils - Could not detect default configuration classes for test class [com.crudapp.crudapp.CrudappApplicationTests]: CrudappApplicationTests does not declare any static, non-private, non-final, nested classes annotated with @Configuration.
19:26:41.196 [Test worker] DEBUG org.springframework.test.context.support.ActiveProfilesUtils - Could not find an 'annotation declaring class' for annotation type [org.springframework.test.context.ActiveProfiles] and class [com.crudapp.crudapp.CrudappApplicationTests]
19:26:41.263 [Test worker] DEBUG org.springframework.context.annotation.ClassPathScanningCandidateComponentProvider - Identified candidate component class: file [/Users/nikitanovikov/Desktop/BasicCrudApp/build/classes/java/main/com/crudapp/crudapp/CrudappApplication.class]
19:26:41.264 [Test worker] INFO org.springframework.boot.test.context.SpringBootTestContextBootstrapper - Found @SpringBootConfiguration com.crudapp.crudapp.CrudappApplication for test class com.crudapp.crudapp.CrudappApplicationTests
19:26:41.406 [Test worker] DEBUG org.springframework.boot.test.context.SpringBootTestContextBootstrapper - @TestExecutionListeners is not present for class [com.crudapp.crudapp.CrudappApplicationTests]: using defaults.
19:26:41.407 [Test worker] INFO org.springframework.boot.test.context.SpringBootTestContextBootstrapper - Loaded default TestExecutionListener class names from location [META-INF/spring.factories]: [org.springframework.boot.test.autoconfigure.restdocs.RestDocsTestExecutionListener, org.springframework.boot.test.autoconfigure.web.client.MockRestServiceServerResetTestExecutionListener, org.springframework.boot.test.autoconfigure.web.servlet.MockMvcPrintOnlyOnFailureTestExecutionListener, org.springframework.boot.test.autoconfigure.web.servlet.WebDriverTestExecutionListener, org.springframework.boot.test.mock.mockito.MockitoTestExecutionListener, org.springframework.boot.test.mock.mockito.ResetMocksTestExecutionListener, org.springframework.test.context.web.ServletTestExecutionListener, org.springframework.test.context.support.DirtiesContextBeforeModesTestExecutionListener, org.springframework.test.context.support.DependencyInjectionTestExecutionListener, org.springframework.test.context.support.DirtiesContextTestExecutionListener, org.springframework.test.context.transaction.TransactionalTestExecutionListener, org.springframework.test.context.jdbc.SqlScriptsTestExecutionListener, org.springframework.test.context.event.EventPublishingTestExecutionListener]
19:26:41.429 [Test worker] INFO org.springframework.boot.test.context.SpringBootTestContextBootstrapper - Using TestExecutionListeners: [org.springframework.test.context.web.ServletTestExecutionListener@60e0f20f, org.springframework.test.context.support.DirtiesContextBeforeModesTestExecutionListener@75423f54, org.springframework.boot.test.mock.mockito.MockitoTestExecutionListener@55736bd1, org.springframework.boot.test.autoconfigure.SpringBootDependencyInjectionTestExecutionListener@788ccfb7, org.springframework.test.context.support.DirtiesContextTestExecutionListener@1f1b2a23, org.springframework.test.context.transaction.TransactionalTestExecutionListener@7b470e0b, org.springframework.test.context.jdbc.SqlScriptsTestExecutionListener@3524df51, org.springframework.test.context.event.EventPublishingTestExecutionListener@2b4b4f35, org.springframework.boot.test.autoconfigure.restdocs.RestDocsTestExecutionListener@6dc7324d, org.springframework.boot.test.autoconfigure.web.client.MockRestServiceServerResetTestExecutionListener@2e334ea8, org.springframework.boot.test.autoconfigure.web.servlet.MockMvcPrintOnlyOnFailureTestExecutionListener@3d7ec268, org.springframework.boot.test.autoconfigure.web.servlet.WebDriverTestExecutionListener@4c3d0015, org.springframework.boot.test.mock.mockito.ResetMocksTestExecutionListener@18bc1685]
19:26:41.433 [Test worker] DEBUG org.springframework.test.context.support.AbstractDirtiesContextTestExecutionListener - Before test class: context [DefaultTestContext@66974e61 testClass = CrudappApplicationTests, testInstance = [null], testMethod = [null], testException = [null], mergedContextConfiguration = [WebMergedContextConfiguration@2dcd5c17 testClass = CrudappApplicationTests, locations = '{}', classes = '{class com.crudapp.crudapp.CrudappApplication}', contextInitializerClasses = '[]', activeProfiles = '{}', propertySourceLocations = '{}', propertySourceProperties = '{org.springframework.boot.test.context.SpringBootTestContextBootstrapper=true}', contextCustomizers = set[org.springframework.boot.test.autoconfigure.properties.PropertyMappingContextCustomizer@0, org.springframework.boot.test.autoconfigure.web.servlet.WebDriverContextCustomizerFactory$Customizer@3d2c908f, org.springframework.boot.test.context.filter.ExcludeFilterContextCustomizer@40e6a252, org.springframework.boot.test.json.DuplicateJsonObjectContextCustomizerFactory$DuplicateJsonObjectContextCustomizer@469831d3, org.springframework.boot.test.mock.mockito.MockitoContextCustomizer@0, org.springframework.boot.test.web.client.TestRestTemplateContextCustomizer@a21f7aa], resourceBasePath = 'src/main/webapp', contextLoader = 'org.springframework.boot.test.context.SpringBootContextLoader', parent = [null]], attributes = map['org.springframework.test.context.web.ServletTestExecutionListener.activateListener' -> true]], class annotated with @DirtiesContext [false] with mode [null].
19:26:41.471 [Test worker] DEBUG org.springframework.test.context.support.TestPropertySourceUtils - Adding inlined properties to environment: {spring.jmx.enabled=false, org.springframework.boot.test.context.SpringBootTestContextBootstrapper=true, server.port=-1}

  .   ____          _            __ _ _
 /\\ / ___'_ __ _ _(_)_ __  __ _ \ \ \ \
( ( )\___ | '_ | '_| | '_ \/ _` | \ \ \ \
 \\/  ___)| |_)| | | | | || (_| |  ) ) ) )
  '  |____| .__|_| |_|_| |_\__, | / / / /
 =========|_|==============|___/=/_/_/_/
 :: Spring Boot ::        (v2.2.6.RELEASE)

2020-04-30 19:26:41.995  INFO 6204 --- [    Test worker] c.c.crudapp.CrudappApplicationTests      : Starting CrudappApplicationTests on Nikitas-MacBook-Pro.local with PID 6204 (started by nikitanovikov in /Users/nikitanovikov/Desktop/BasicCrudApp)
2020-04-30 19:26:41.996  INFO 6204 --- [    Test worker] c.c.crudapp.CrudappApplicationTests      : No active profile set, falling back to default profiles: default
2020-04-30 19:26:43.216  INFO 6204 --- [    Test worker] o.s.s.concurrent.ThreadPoolTaskExecutor  : Initializing ExecutorService 'applicationTaskExecutor'
2020-04-30 19:26:43.478  INFO 6204 --- [    Test worker] c.c.crudapp.CrudappApplicationTests      : Started CrudappApplicationTests in 1.997 seconds (JVM running for 3.074)
]]></system-out>
  <system-err><![CDATA[]]></system-err>
</testsuite>
